# JRE version: OpenJDK Runtime Environment (11.0.11+9) (build 11.0.11+9-b60-7590822)
# Java VM: OpenJDK 64-Bit Server VM (11.0.11+9-b60-7590822, mixed mode, tiered, compressed oops, g1 gc, windows-amd64)
Heap:
 garbage-first heap   total 287744K, used 168732K [0x0000000080000000, 0x0000000100000000)
  region size 1024K, 3 young (3072K), 3 survivors (3072K)
 Metaspace       used 104908K, capacity 107943K, committed 108060K, reserved 1142784K
  class space    used 13354K, capacity 14467K, committed 14540K, reserved 1048576K
GC Heap History (20 events):
Event: 35.586 GC heap after
{Heap after GC invocations=58 (full 0):
 garbage-first heap   total 187392K, used 157572K [0x0000000080000000, 0x0000000100000000)
  region size 1024K, 1 young (1024K), 1 survivors (1024K)
 Metaspace       used 101851K, capacity 104803K, committed 104860K, reserved 1140736K
  class space    used 13011K, capacity 14117K, committed 14156K, reserved 1048576K
}
Event: 35.929 GC heap before
{Heap before GC invocations=59 (full 0):
 garbage-first heap   total 187392K, used 166788K [0x0000000080000000, 0x0000000100000000)
  region size 1024K, 9 young (9216K), 1 survivors (1024K)
 Metaspace       used 102078K, capacity 105010K, committed 105116K, reserved 1140736K
  class space    used 13033K, capacity 14121K, committed 14156K, reserved 1048576K
}
Event: 35.935 GC heap after
{Heap after GC invocations=60 (full 0):
 garbage-first heap   total 187392K, used 159061K [0x0000000080000000, 0x0000000100000000)
  region size 1024K, 2 young (2048K), 2 survivors (2048K)
 Metaspace       used 102078K, capacity 105010K, committed 105116K, reserved 1140736K
  class space    used 13033K, capacity 14121K, committed 14156K, reserved 1048576K
}
Event: 36.105 GC heap before
{Heap before GC invocations=60 (full 0):
 garbage-first heap   total 187392K, used 172373K [0x0000000080000000, 0x0000000100000000)
  region size 1024K, 9 young (9216K), 2 survivors (2048K)
 Metaspace       used 102122K, capacity 105074K, committed 105116K, reserved 1140736K
  class space    used 13035K, capacity 14121K, committed 14156K, reserved 1048576K
}
Event: 36.110 GC heap after
{Heap after GC invocations=61 (full 0):
 garbage-first heap   total 187392K, used 158555K [0x0000000080000000, 0x0000000100000000)
  region size 1024K, 2 young (2048K), 2 survivors (2048K)
 Metaspace       used 102122K, capacity 105074K, committed 105116K, reserved 1140736K
  class space    used 13035K, capacity 14121K, committed 14156K, reserved 1048576K
}
Event: 36.250 GC heap before
{Heap before GC invocations=61 (full 0):
 garbage-first heap   total 187392K, used 165723K [0x0000000080000000, 0x0000000100000000)
  region size 1024K, 9 young (9216K), 2 survivors (2048K)
 Metaspace       used 102141K, capacity 105075K, committed 105116K, reserved 1140736K
  class space    used 13035K, capacity 14121K, committed 14156K, reserved 1048576K
}
Event: 36.255 GC heap after
{Heap after GC invocations=62 (full 0):
 garbage-first heap   total 187392K, used 159625K [0x0000000080000000, 0x0000000100000000)
  region size 1024K, 2 young (2048K), 2 survivors (2048K)
 Metaspace       used 102141K, capacity 105075K, committed 105116K, reserved 1140736K
  class space    used 13035K, capacity 14121K, committed 14156K, reserved 1048576K
}
Event: 36.406 GC heap before
{Heap before GC invocations=62 (full 0):
 garbage-first heap   total 187392K, used 166793K [0x0000000080000000, 0x0000000100000000)
  region size 1024K, 9 young (9216K), 2 survivors (2048K)
 Metaspace       used 102158K, capacity 105075K, committed 105116K, reserved 1140736K
  class space    used 13035K, capacity 14121K, committed 14156K, reserved 1048576K
}
Event: 36.414 GC heap after
{Heap after GC invocations=63 (full 0):
 garbage-first heap   total 225280K, used 160645K [0x0000000080000000, 0x0000000100000000)
  region size 1024K, 2 young (2048K), 2 survivors (2048K)
 Metaspace       used 102158K, capacity 105075K, committed 105116K, reserved 1140736K
  class space    used 13035K, capacity 14121K, committed 14156K, reserved 1048576K
}
Event: 36.813 GC heap before
{Heap before GC invocations=63 (full 0):
 garbage-first heap   total 225280K, used 179077K [0x0000000080000000, 0x0000000100000000)
  region size 1024K, 20 young (20480K), 2 survivors (2048K)
 Metaspace       used 104196K, capacity 107146K, committed 107420K, reserved 1142784K
  class space    used 13301K, capacity 14385K, committed 14412K, reserved 1048576K
}
Event: 36.818 GC heap after
{Heap after GC invocations=64 (full 0):
 garbage-first heap   total 225280K, used 161472K [0x0000000080000000, 0x0000000100000000)
  region size 1024K, 2 young (2048K), 2 survivors (2048K)
 Metaspace       used 104196K, capacity 107146K, committed 107420K, reserved 1142784K
  class space    used 13301K, capacity 14385K, committed 14412K, reserved 1048576K
}
Event: 36.983 GC heap before
{Heap before GC invocations=64 (full 0):
 garbage-first heap   total 225280K, used 180928K [0x0000000080000000, 0x0000000100000000)
  region size 1024K, 21 young (21504K), 2 survivors (2048K)
 Metaspace       used 104203K, capacity 107146K, committed 107420K, reserved 1142784K
  class space    used 13301K, capacity 14385K, committed 14412K, reserved 1048576K
}
Event: 36.986 GC heap after
{Heap after GC invocations=65 (full 0):
 garbage-first heap   total 225280K, used 161480K [0x0000000080000000, 0x0000000100000000)
  region size 1024K, 1 young (1024K), 1 survivors (1024K)
 Metaspace       used 104203K, capacity 107146K, committed 107420K, reserved 1142784K
  class space    used 13301K, capacity 14385K, committed 14412K, reserved 1048576K
}
Event: 37.063 GC heap before
{Heap before GC invocations=65 (full 0):
 garbage-first heap   total 225280K, used 182984K [0x0000000080000000, 0x0000000100000000)
  region size 1024K, 22 young (22528K), 1 survivors (1024K)
 Metaspace       used 104206K, capacity 107146K, committed 107420K, reserved 1142784K
  class space    used 13301K, capacity 14385K, committed 14412K, reserved 1048576K
}
Event: 37.065 GC heap after
{Heap after GC invocations=66 (full 0):
 garbage-first heap   total 225280K, used 161361K [0x0000000080000000, 0x0000000100000000)
  region size 1024K, 1 young (1024K), 1 survivors (1024K)
 Metaspace       used 104206K, capacity 107146K, committed 107420K, reserved 1142784K
  class space    used 13301K, capacity 14385K, committed 14412K, reserved 1048576K
}
Event: 37.284 GC heap before
{Heap before GC invocations=66 (full 0):
 garbage-first heap   total 225280K, used 183889K [0x0000000080000000, 0x0000000100000000)
  region size 1024K, 23 young (23552K), 1 survivors (1024K)
 Metaspace       used 104290K, capacity 107216K, committed 107420K, reserved 1142784K
  class space    used 13310K, capacity 14387K, committed 14412K, reserved 1048576K
}
Event: 37.293 GC heap after
{Heap after GC invocations=67 (full 0):
 garbage-first heap   total 225280K, used 165788K [0x0000000080000000, 0x0000000100000000)
  region size 1024K, 3 young (3072K), 3 survivors (3072K)
 Metaspace       used 104290K, capacity 107216K, committed 107420K, reserved 1142784K
  class space    used 13310K, capacity 14387K, committed 14412K, reserved 1048576K
}
Event: 37.369 GC heap before
{Heap before GC invocations=67 (full 0):
 garbage-first heap   total 225280K, used 179100K [0x0000000080000000, 0x0000000100000000)
  region size 1024K, 6 young (6144K), 3 survivors (3072K)
 Metaspace       used 104291K, capacity 107216K, committed 107420K, reserved 1142784K
  class space    used 13310K, capacity 14387K, committed 14412K, reserved 1048576K
}
Event: 37.375 GC heap after
{Heap after GC invocations=68 (full 0):
 garbage-first heap   total 225280K, used 169232K [0x0000000080000000, 0x0000000100000000)
  region size 1024K, 1 young (1024K), 1 survivors (1024K)
 Metaspace       used 104291K, capacity 107216K, committed 107420K, reserved 1142784K
  class space    used 13310K, capacity 14387K, committed 14412K, reserved 1048576K
}
Event: 37.705 GC heap before
{Heap before GC invocations=68 (full 0):
 garbage-first heap   total 225280K, used 192784K [0x0000000080000000, 0x0000000100000000)
  region size 1024K, 21 young (21504K), 1 survivors (1024K)
 Metaspace       used 104908K, capacity 107943K, committed 108060K, reserved 1142784K
  class space    used 13354K, capacity 14467K, committed 14540K, reserved 1048576K
}

